make --dry-run --always-make --keep-going --print-directory
make: Entering directory `/Users/mufasa/Documents/Project/Sentradel/sentadell-backend-service'
echo
echo "Usage: make [command]"
echo
echo "Commands:"
echo " rename-project name={name}    Rename project"	
echo	
echo " build-http                    Build http server"
echo
echo " migration-create name={name}  Create migration"
echo " migration-up                  Up migrations"
echo " migration-down                Down last migration"
echo
echo " docker-up                     Up docker services"
echo " docker-down                   Down docker services"
echo
echo " fmt                           Format source code"
echo " test                          Run unit tests"
echo
make: Leaving directory `/Users/mufasa/Documents/Project/Sentradel/sentadell-backend-service'
 
